Number of processes: 2
Algorithm used: rr
Quantum: 2
Time Events:
Time 1 P2 arrived
Time 1 P2 selected (burst 9)
Time 3 P1 arrived
Time 3 P1 selected (burst 5)
Time 5 P2 selected (burst 7)
Time 7 P1 selected (burst 3)
Time 9 P2 selected (burst 5)
Time 11 P1 selected (burst 1)
Time 12 P1 finished
Time 12 P2 selected (burst 3)
Time 14 P2 selected (burst 1)
Time 15 P2 finished
Finished at: 15
P1 wait 0 turnaround 9 response 0
P2 wait 1 turnaround 14 response 1
All processes completed within runtime.
