Number of processes: 5
Algorithm used: fcfs
Time Events:
Time 0 P2 arrived
Time 0 P2 selected
Time 9 P2 finished
Time 7 P1 arrived
Time 7 P1 selected
Time 12 P1 finished
Time 8 P4 arrived
Time 8 P4 selected
Time 12 P4 finished
Time 9 P3 arrived
Time 9 P3 selected
Time 12 P3 finished
Time 11 P5 arrived
Time 11 P5 selected
Time 12 P5 finished
Time 12 idle
Time 13 idle
Time 14 idle
Time 15 idle
Time 16 idle
Time 17 idle
Time 18 idle
Time 19 idle
Time 20 idle
Time 21 idle
Time 22 idle
Time 23 idle
Time 24 idle
Finished at: 25
P1 wait 0 turnaround 5 response 0
P2 wait 0 turnaround 9 response 0
P3 wait 0 turnaround 3 response 0
P4 wait 0 turnaround 4 response 0
P5 wait 0 turnaround 1 response 0
All processes completed within runtime.
